{"/Users/raficelkouche/Documents/iTweet/db/helper.js": {"path":"/Users/raficelkouche/Documents/iTweet/db/helper.js","statementMap":{"0":{"start":{"line":1,"column":17},"end":{"line":1,"column":30}},"1":{"start":{"line":2,"column":15},"end":{"line":2,"column":35}},"2":{"start":{"line":4,"column":13},"end":{"line":4,"column":23}},"3":{"start":{"line":9,"column":20},"end":{"line":14,"column":1}},"4":{"start":{"line":10,"column":2},"end":{"line":13,"column":35}},"5":{"start":{"line":12,"column":17},"end":{"line":12,"column":28}},"6":{"start":{"line":13,"column":18},"end":{"line":13,"column":34}},"7":{"start":{"line":15,"column":0},"end":{"line":15,"column":34}},"8":{"start":{"line":17,"column":19},"end":{"line":27,"column":1}},"9":{"start":{"line":18,"column":31},"end":{"line":18,"column":39}},"10":{"start":{"line":20,"column":2},"end":{"line":26,"column":46}},"11":{"start":{"line":25,"column":17},"end":{"line":25,"column":28}},"12":{"start":{"line":26,"column":20},"end":{"line":26,"column":45}},"13":{"start":{"line":28,"column":0},"end":{"line":28,"column":32}},"14":{"start":{"line":30,"column":27},"end":{"line":34,"column":1}},"15":{"start":{"line":31,"column":2},"end":{"line":33,"column":48}},"16":{"start":{"line":32,"column":19},"end":{"line":32,"column":30}},"17":{"start":{"line":33,"column":22},"end":{"line":33,"column":47}},"18":{"start":{"line":35,"column":0},"end":{"line":35,"column":48}},"19":{"start":{"line":40,"column":24},"end":{"line":49,"column":1}},"20":{"start":{"line":41,"column":2},"end":{"line":48,"column":59}},"21":{"start":{"line":47,"column":17},"end":{"line":47,"column":25}},"22":{"start":{"line":48,"column":18},"end":{"line":48,"column":58}},"23":{"start":{"line":50,"column":0},"end":{"line":50,"column":42}},"24":{"start":{"line":53,"column":27},"end":{"line":61,"column":1}},"25":{"start":{"line":54,"column":2},"end":{"line":60,"column":59}},"26":{"start":{"line":59,"column":17},"end":{"line":59,"column":28}},"27":{"start":{"line":60,"column":18},"end":{"line":60,"column":58}},"28":{"start":{"line":62,"column":0},"end":{"line":62,"column":47}},"29":{"start":{"line":64,"column":23},"end":{"line":75,"column":1}},"30":{"start":{"line":65,"column":17},"end":{"line":65,"column":19}},"31":{"start":{"line":67,"column":2},"end":{"line":69,"column":3}},"32":{"start":{"line":68,"column":4},"end":{"line":68,"column":49}},"33":{"start":{"line":71,"column":22},"end":{"line":71,"column":136}},"34":{"start":{"line":73,"column":2},"end":{"line":74,"column":35}},"35":{"start":{"line":74,"column":18},"end":{"line":74,"column":34}},"36":{"start":{"line":76,"column":0},"end":{"line":76,"column":40}},"37":{"start":{"line":78,"column":28},"end":{"line":84,"column":1}},"38":{"start":{"line":79,"column":2},"end":{"line":83,"column":17}},"39":{"start":{"line":85,"column":0},"end":{"line":85,"column":50}},"40":{"start":{"line":90,"column":21},"end":{"line":94,"column":1}},"41":{"start":{"line":91,"column":2},"end":{"line":93,"column":63}},"42":{"start":{"line":92,"column":17},"end":{"line":92,"column":25}},"43":{"start":{"line":93,"column":20},"end":{"line":93,"column":62}},"44":{"start":{"line":95,"column":0},"end":{"line":95,"column":36}},"45":{"start":{"line":98,"column":24},"end":{"line":107,"column":1}},"46":{"start":{"line":99,"column":2},"end":{"line":106,"column":63}},"47":{"start":{"line":105,"column":17},"end":{"line":105,"column":25}},"48":{"start":{"line":106,"column":20},"end":{"line":106,"column":62}},"49":{"start":{"line":108,"column":0},"end":{"line":108,"column":42}},"50":{"start":{"line":110,"column":21},"end":{"line":114,"column":1}},"51":{"start":{"line":111,"column":2},"end":{"line":113,"column":63}},"52":{"start":{"line":112,"column":17},"end":{"line":112,"column":28}},"53":{"start":{"line":113,"column":20},"end":{"line":113,"column":62}},"54":{"start":{"line":115,"column":0},"end":{"line":115,"column":36}},"55":{"start":{"line":117,"column":17},"end":{"line":123,"column":1}},"56":{"start":{"line":118,"column":2},"end":{"line":122,"column":63}},"57":{"start":{"line":121,"column":17},"end":{"line":121,"column":28}},"58":{"start":{"line":122,"column":20},"end":{"line":122,"column":62}},"59":{"start":{"line":124,"column":0},"end":{"line":124,"column":28}},"60":{"start":{"line":126,"column":18},"end":{"line":135,"column":1}},"61":{"start":{"line":127,"column":2},"end":{"line":134,"column":63}},"62":{"start":{"line":133,"column":17},"end":{"line":133,"column":28}},"63":{"start":{"line":134,"column":20},"end":{"line":134,"column":62}},"64":{"start":{"line":136,"column":0},"end":{"line":136,"column":30}},"65":{"start":{"line":138,"column":20},"end":{"line":146,"column":1}},"66":{"start":{"line":139,"column":2},"end":{"line":145,"column":63}},"67":{"start":{"line":144,"column":17},"end":{"line":144,"column":28}},"68":{"start":{"line":145,"column":20},"end":{"line":145,"column":62}},"69":{"start":{"line":147,"column":0},"end":{"line":147,"column":34}},"70":{"start":{"line":149,"column":18},"end":{"line":158,"column":1}},"71":{"start":{"line":150,"column":2},"end":{"line":157,"column":63}},"72":{"start":{"line":156,"column":17},"end":{"line":156,"column":28}},"73":{"start":{"line":157,"column":20},"end":{"line":157,"column":62}},"74":{"start":{"line":159,"column":0},"end":{"line":159,"column":30}},"75":{"start":{"line":161,"column":20},"end":{"line":170,"column":1}},"76":{"start":{"line":162,"column":2},"end":{"line":169,"column":63}},"77":{"start":{"line":168,"column":17},"end":{"line":168,"column":28}},"78":{"start":{"line":169,"column":20},"end":{"line":169,"column":62}},"79":{"start":{"line":171,"column":0},"end":{"line":171,"column":34}},"80":{"start":{"line":174,"column":27},"end":{"line":184,"column":1}},"81":{"start":{"line":175,"column":2},"end":{"line":183,"column":63}},"82":{"start":{"line":182,"column":17},"end":{"line":182,"column":25}},"83":{"start":{"line":183,"column":20},"end":{"line":183,"column":62}},"84":{"start":{"line":185,"column":0},"end":{"line":185,"column":48}},"85":{"start":{"line":187,"column":24},"end":{"line":196,"column":1}},"86":{"start":{"line":188,"column":2},"end":{"line":195,"column":61}},"87":{"start":{"line":194,"column":15},"end":{"line":194,"column":26}},"88":{"start":{"line":195,"column":18},"end":{"line":195,"column":60}},"89":{"start":{"line":197,"column":0},"end":{"line":197,"column":42}},"90":{"start":{"line":199,"column":22},"end":{"line":207,"column":1}},"91":{"start":{"line":200,"column":2},"end":{"line":206,"column":61}},"92":{"start":{"line":205,"column":15},"end":{"line":205,"column":26}},"93":{"start":{"line":206,"column":18},"end":{"line":206,"column":60}},"94":{"start":{"line":208,"column":0},"end":{"line":208,"column":38}},"95":{"start":{"line":210,"column":29},"end":{"line":217,"column":1}},"96":{"start":{"line":211,"column":2},"end":{"line":216,"column":16}},"97":{"start":{"line":218,"column":0},"end":{"line":218,"column":52}},"98":{"start":{"line":220,"column":23},"end":{"line":229,"column":1}},"99":{"start":{"line":221,"column":2},"end":{"line":228,"column":61}},"100":{"start":{"line":227,"column":15},"end":{"line":227,"column":23}},"101":{"start":{"line":228,"column":18},"end":{"line":228,"column":60}},"102":{"start":{"line":230,"column":0},"end":{"line":230,"column":40}},"103":{"start":{"line":232,"column":23},"end":{"line":241,"column":1}},"104":{"start":{"line":233,"column":2},"end":{"line":240,"column":61}},"105":{"start":{"line":239,"column":15},"end":{"line":239,"column":23}},"106":{"start":{"line":240,"column":18},"end":{"line":240,"column":60}},"107":{"start":{"line":242,"column":0},"end":{"line":242,"column":40}},"108":{"start":{"line":244,"column":17},"end":{"line":252,"column":1}},"109":{"start":{"line":245,"column":2},"end":{"line":251,"column":61}},"110":{"start":{"line":250,"column":15},"end":{"line":250,"column":26}},"111":{"start":{"line":251,"column":18},"end":{"line":251,"column":60}},"112":{"start":{"line":253,"column":0},"end":{"line":253,"column":28}},"113":{"start":{"line":256,"column":24},"end":{"line":258,"column":1}},"114":{"start":{"line":257,"column":2},"end":{"line":257,"column":18}},"115":{"start":{"line":259,"column":0},"end":{"line":259,"column":42}}},"fnMap":{"0":{"name":"(anonymous_0)","decl":{"start":{"line":9,"column":20},"end":{"line":9,"column":21}},"loc":{"start":{"line":9,"column":26},"end":{"line":14,"column":1}},"line":9},"1":{"name":"(anonymous_1)","decl":{"start":{"line":12,"column":10},"end":{"line":12,"column":11}},"loc":{"start":{"line":12,"column":17},"end":{"line":12,"column":28}},"line":12},"2":{"name":"(anonymous_2)","decl":{"start":{"line":13,"column":11},"end":{"line":13,"column":12}},"loc":{"start":{"line":13,"column":18},"end":{"line":13,"column":34}},"line":13},"3":{"name":"(anonymous_3)","decl":{"start":{"line":17,"column":19},"end":{"line":17,"column":20}},"loc":{"start":{"line":17,"column":33},"end":{"line":27,"column":1}},"line":17},"4":{"name":"(anonymous_4)","decl":{"start":{"line":25,"column":10},"end":{"line":25,"column":11}},"loc":{"start":{"line":25,"column":17},"end":{"line":25,"column":28}},"line":25},"5":{"name":"(anonymous_5)","decl":{"start":{"line":26,"column":11},"end":{"line":26,"column":12}},"loc":{"start":{"line":26,"column":20},"end":{"line":26,"column":45}},"line":26},"6":{"name":"(anonymous_6)","decl":{"start":{"line":30,"column":27},"end":{"line":30,"column":28}},"loc":{"start":{"line":30,"column":39},"end":{"line":34,"column":1}},"line":30},"7":{"name":"(anonymous_7)","decl":{"start":{"line":32,"column":12},"end":{"line":32,"column":13}},"loc":{"start":{"line":32,"column":19},"end":{"line":32,"column":30}},"line":32},"8":{"name":"(anonymous_8)","decl":{"start":{"line":33,"column":13},"end":{"line":33,"column":14}},"loc":{"start":{"line":33,"column":22},"end":{"line":33,"column":47}},"line":33},"9":{"name":"(anonymous_9)","decl":{"start":{"line":40,"column":24},"end":{"line":40,"column":25}},"loc":{"start":{"line":40,"column":35},"end":{"line":49,"column":1}},"line":40},"10":{"name":"(anonymous_10)","decl":{"start":{"line":47,"column":10},"end":{"line":47,"column":11}},"loc":{"start":{"line":47,"column":17},"end":{"line":47,"column":25}},"line":47},"11":{"name":"(anonymous_11)","decl":{"start":{"line":48,"column":11},"end":{"line":48,"column":12}},"loc":{"start":{"line":48,"column":18},"end":{"line":48,"column":58}},"line":48},"12":{"name":"(anonymous_12)","decl":{"start":{"line":53,"column":27},"end":{"line":53,"column":28}},"loc":{"start":{"line":53,"column":64},"end":{"line":61,"column":1}},"line":53},"13":{"name":"(anonymous_13)","decl":{"start":{"line":59,"column":10},"end":{"line":59,"column":11}},"loc":{"start":{"line":59,"column":17},"end":{"line":59,"column":28}},"line":59},"14":{"name":"(anonymous_14)","decl":{"start":{"line":60,"column":11},"end":{"line":60,"column":12}},"loc":{"start":{"line":60,"column":18},"end":{"line":60,"column":58}},"line":60},"15":{"name":"(anonymous_15)","decl":{"start":{"line":64,"column":23},"end":{"line":64,"column":24}},"loc":{"start":{"line":64,"column":39},"end":{"line":75,"column":1}},"line":64},"16":{"name":"(anonymous_16)","decl":{"start":{"line":74,"column":11},"end":{"line":74,"column":12}},"loc":{"start":{"line":74,"column":18},"end":{"line":74,"column":34}},"line":74},"17":{"name":"(anonymous_17)","decl":{"start":{"line":78,"column":28},"end":{"line":78,"column":29}},"loc":{"start":{"line":78,"column":41},"end":{"line":84,"column":1}},"line":78},"18":{"name":"(anonymous_18)","decl":{"start":{"line":90,"column":21},"end":{"line":90,"column":22}},"loc":{"start":{"line":90,"column":27},"end":{"line":94,"column":1}},"line":90},"19":{"name":"(anonymous_19)","decl":{"start":{"line":92,"column":10},"end":{"line":92,"column":11}},"loc":{"start":{"line":92,"column":17},"end":{"line":92,"column":25}},"line":92},"20":{"name":"(anonymous_20)","decl":{"start":{"line":93,"column":11},"end":{"line":93,"column":12}},"loc":{"start":{"line":93,"column":20},"end":{"line":93,"column":62}},"line":93},"21":{"name":"(anonymous_21)","decl":{"start":{"line":98,"column":24},"end":{"line":98,"column":25}},"loc":{"start":{"line":98,"column":35},"end":{"line":107,"column":1}},"line":98},"22":{"name":"(anonymous_22)","decl":{"start":{"line":105,"column":10},"end":{"line":105,"column":11}},"loc":{"start":{"line":105,"column":17},"end":{"line":105,"column":25}},"line":105},"23":{"name":"(anonymous_23)","decl":{"start":{"line":106,"column":11},"end":{"line":106,"column":12}},"loc":{"start":{"line":106,"column":20},"end":{"line":106,"column":62}},"line":106},"24":{"name":"(anonymous_24)","decl":{"start":{"line":110,"column":21},"end":{"line":110,"column":22}},"loc":{"start":{"line":110,"column":44},"end":{"line":114,"column":1}},"line":110},"25":{"name":"(anonymous_25)","decl":{"start":{"line":112,"column":10},"end":{"line":112,"column":11}},"loc":{"start":{"line":112,"column":17},"end":{"line":112,"column":28}},"line":112},"26":{"name":"(anonymous_26)","decl":{"start":{"line":113,"column":11},"end":{"line":113,"column":12}},"loc":{"start":{"line":113,"column":20},"end":{"line":113,"column":62}},"line":113},"27":{"name":"(anonymous_27)","decl":{"start":{"line":117,"column":17},"end":{"line":117,"column":18}},"loc":{"start":{"line":117,"column":37},"end":{"line":123,"column":1}},"line":117},"28":{"name":"(anonymous_28)","decl":{"start":{"line":121,"column":10},"end":{"line":121,"column":11}},"loc":{"start":{"line":121,"column":17},"end":{"line":121,"column":28}},"line":121},"29":{"name":"(anonymous_29)","decl":{"start":{"line":122,"column":11},"end":{"line":122,"column":12}},"loc":{"start":{"line":122,"column":20},"end":{"line":122,"column":62}},"line":122},"30":{"name":"(anonymous_30)","decl":{"start":{"line":126,"column":18},"end":{"line":126,"column":19}},"loc":{"start":{"line":126,"column":51},"end":{"line":135,"column":1}},"line":126},"31":{"name":"(anonymous_31)","decl":{"start":{"line":133,"column":10},"end":{"line":133,"column":11}},"loc":{"start":{"line":133,"column":17},"end":{"line":133,"column":28}},"line":133},"32":{"name":"(anonymous_32)","decl":{"start":{"line":134,"column":11},"end":{"line":134,"column":12}},"loc":{"start":{"line":134,"column":20},"end":{"line":134,"column":62}},"line":134},"33":{"name":"(anonymous_33)","decl":{"start":{"line":138,"column":20},"end":{"line":138,"column":21}},"loc":{"start":{"line":138,"column":43},"end":{"line":146,"column":1}},"line":138},"34":{"name":"(anonymous_34)","decl":{"start":{"line":144,"column":10},"end":{"line":144,"column":11}},"loc":{"start":{"line":144,"column":17},"end":{"line":144,"column":28}},"line":144},"35":{"name":"(anonymous_35)","decl":{"start":{"line":145,"column":11},"end":{"line":145,"column":12}},"loc":{"start":{"line":145,"column":20},"end":{"line":145,"column":62}},"line":145},"36":{"name":"(anonymous_36)","decl":{"start":{"line":149,"column":18},"end":{"line":149,"column":19}},"loc":{"start":{"line":149,"column":30},"end":{"line":158,"column":1}},"line":149},"37":{"name":"(anonymous_37)","decl":{"start":{"line":156,"column":10},"end":{"line":156,"column":11}},"loc":{"start":{"line":156,"column":17},"end":{"line":156,"column":28}},"line":156},"38":{"name":"(anonymous_38)","decl":{"start":{"line":157,"column":11},"end":{"line":157,"column":12}},"loc":{"start":{"line":157,"column":20},"end":{"line":157,"column":62}},"line":157},"39":{"name":"(anonymous_39)","decl":{"start":{"line":161,"column":20},"end":{"line":161,"column":21}},"loc":{"start":{"line":161,"column":32},"end":{"line":170,"column":1}},"line":161},"40":{"name":"(anonymous_40)","decl":{"start":{"line":168,"column":10},"end":{"line":168,"column":11}},"loc":{"start":{"line":168,"column":17},"end":{"line":168,"column":28}},"line":168},"41":{"name":"(anonymous_41)","decl":{"start":{"line":169,"column":11},"end":{"line":169,"column":12}},"loc":{"start":{"line":169,"column":20},"end":{"line":169,"column":62}},"line":169},"42":{"name":"(anonymous_42)","decl":{"start":{"line":174,"column":27},"end":{"line":174,"column":28}},"loc":{"start":{"line":174,"column":38},"end":{"line":184,"column":1}},"line":174},"43":{"name":"(anonymous_43)","decl":{"start":{"line":182,"column":10},"end":{"line":182,"column":11}},"loc":{"start":{"line":182,"column":17},"end":{"line":182,"column":25}},"line":182},"44":{"name":"(anonymous_44)","decl":{"start":{"line":183,"column":11},"end":{"line":183,"column":12}},"loc":{"start":{"line":183,"column":20},"end":{"line":183,"column":62}},"line":183},"45":{"name":"(anonymous_45)","decl":{"start":{"line":187,"column":24},"end":{"line":187,"column":25}},"loc":{"start":{"line":187,"column":36},"end":{"line":196,"column":1}},"line":187},"46":{"name":"(anonymous_46)","decl":{"start":{"line":194,"column":8},"end":{"line":194,"column":9}},"loc":{"start":{"line":194,"column":15},"end":{"line":194,"column":26}},"line":194},"47":{"name":"(anonymous_47)","decl":{"start":{"line":195,"column":9},"end":{"line":195,"column":10}},"loc":{"start":{"line":195,"column":18},"end":{"line":195,"column":60}},"line":195},"48":{"name":"(anonymous_48)","decl":{"start":{"line":199,"column":22},"end":{"line":199,"column":23}},"loc":{"start":{"line":199,"column":45},"end":{"line":207,"column":1}},"line":199},"49":{"name":"(anonymous_49)","decl":{"start":{"line":205,"column":8},"end":{"line":205,"column":9}},"loc":{"start":{"line":205,"column":15},"end":{"line":205,"column":26}},"line":205},"50":{"name":"(anonymous_50)","decl":{"start":{"line":206,"column":9},"end":{"line":206,"column":10}},"loc":{"start":{"line":206,"column":18},"end":{"line":206,"column":60}},"line":206},"51":{"name":"(anonymous_51)","decl":{"start":{"line":210,"column":29},"end":{"line":210,"column":30}},"loc":{"start":{"line":210,"column":41},"end":{"line":217,"column":1}},"line":210},"52":{"name":"(anonymous_52)","decl":{"start":{"line":220,"column":23},"end":{"line":220,"column":24}},"loc":{"start":{"line":220,"column":35},"end":{"line":229,"column":1}},"line":220},"53":{"name":"(anonymous_53)","decl":{"start":{"line":227,"column":8},"end":{"line":227,"column":9}},"loc":{"start":{"line":227,"column":15},"end":{"line":227,"column":23}},"line":227},"54":{"name":"(anonymous_54)","decl":{"start":{"line":228,"column":9},"end":{"line":228,"column":10}},"loc":{"start":{"line":228,"column":18},"end":{"line":228,"column":60}},"line":228},"55":{"name":"(anonymous_55)","decl":{"start":{"line":232,"column":23},"end":{"line":232,"column":24}},"loc":{"start":{"line":232,"column":34},"end":{"line":241,"column":1}},"line":232},"56":{"name":"(anonymous_56)","decl":{"start":{"line":239,"column":8},"end":{"line":239,"column":9}},"loc":{"start":{"line":239,"column":15},"end":{"line":239,"column":23}},"line":239},"57":{"name":"(anonymous_57)","decl":{"start":{"line":240,"column":9},"end":{"line":240,"column":10}},"loc":{"start":{"line":240,"column":18},"end":{"line":240,"column":60}},"line":240},"58":{"name":"(anonymous_58)","decl":{"start":{"line":244,"column":17},"end":{"line":244,"column":18}},"loc":{"start":{"line":244,"column":51},"end":{"line":252,"column":1}},"line":244},"59":{"name":"(anonymous_59)","decl":{"start":{"line":250,"column":8},"end":{"line":250,"column":9}},"loc":{"start":{"line":250,"column":15},"end":{"line":250,"column":26}},"line":250},"60":{"name":"(anonymous_60)","decl":{"start":{"line":251,"column":9},"end":{"line":251,"column":10}},"loc":{"start":{"line":251,"column":18},"end":{"line":251,"column":60}},"line":251},"61":{"name":"(anonymous_61)","decl":{"start":{"line":256,"column":24},"end":{"line":256,"column":25}},"loc":{"start":{"line":256,"column":36},"end":{"line":258,"column":1}},"line":256}},"branchMap":{},"s":{"0":4,"1":4,"2":4,"3":4,"4":0,"5":0,"6":0,"7":4,"8":4,"9":2,"10":2,"11":1,"12":1,"13":4,"14":4,"15":5,"16":5,"17":0,"18":4,"19":4,"20":1,"21":1,"22":0,"23":4,"24":4,"25":2,"26":2,"27":0,"28":4,"29":4,"30":0,"31":0,"32":0,"33":0,"34":0,"35":0,"36":4,"37":4,"38":0,"39":4,"40":4,"41":2,"42":2,"43":0,"44":4,"45":4,"46":1,"47":1,"48":0,"49":4,"50":4,"51":8,"52":8,"53":0,"54":4,"55":4,"56":1,"57":1,"58":0,"59":4,"60":4,"61":2,"62":2,"63":0,"64":4,"65":4,"66":2,"67":2,"68":0,"69":4,"70":4,"71":2,"72":2,"73":0,"74":4,"75":4,"76":2,"77":2,"78":0,"79":4,"80":4,"81":1,"82":1,"83":0,"84":4,"85":4,"86":3,"87":3,"88":0,"89":4,"90":4,"91":1,"92":1,"93":0,"94":4,"95":4,"96":1,"97":4,"98":4,"99":1,"100":1,"101":0,"102":4,"103":4,"104":1,"105":1,"106":0,"107":4,"108":4,"109":1,"110":1,"111":0,"112":4,"113":4,"114":4,"115":4},"f":{"0":0,"1":0,"2":0,"3":2,"4":1,"5":1,"6":5,"7":5,"8":0,"9":1,"10":1,"11":0,"12":2,"13":2,"14":0,"15":0,"16":0,"17":0,"18":2,"19":2,"20":0,"21":1,"22":1,"23":0,"24":8,"25":8,"26":0,"27":1,"28":1,"29":0,"30":2,"31":2,"32":0,"33":2,"34":2,"35":0,"36":2,"37":2,"38":0,"39":2,"40":2,"41":0,"42":1,"43":1,"44":0,"45":3,"46":3,"47":0,"48":1,"49":1,"50":0,"51":1,"52":1,"53":1,"54":0,"55":1,"56":1,"57":0,"58":1,"59":1,"60":0,"61":4},"b":{},"_coverageSchema":"1a1c01bbd47fc00a2c39e90264f33305004495a9","hash":"761072efcd0c4b574ad4cab01a60a7f4a4b2020e"}
,"/Users/raficelkouche/Documents/iTweet/src/application.js": {"path":"/Users/raficelkouche/Documents/iTweet/src/application.js","statementMap":{"0":{"start":{"line":1,"column":12},"end":{"line":1,"column":38}},"1":{"start":{"line":2,"column":16},"end":{"line":2,"column":34}},"2":{"start":{"line":3,"column":22},"end":{"line":3,"column":47}},"3":{"start":{"line":4,"column":23},"end":{"line":4,"column":49}},"4":{"start":{"line":5,"column":12},"end":{"line":5,"column":21}},"5":{"start":{"line":6,"column":11},"end":{"line":6,"column":34}},"6":{"start":{"line":9,"column":0},"end":{"line":12,"column":4}},"7":{"start":{"line":14,"column":0},"end":{"line":14,"column":48}},"8":{"start":{"line":15,"column":0},"end":{"line":15,"column":23}},"9":{"start":{"line":18,"column":0},"end":{"line":18,"column":35}},"10":{"start":{"line":21,"column":19},"end":{"line":21,"column":49}},"11":{"start":{"line":22,"column":20},"end":{"line":22,"column":51}},"12":{"start":{"line":23,"column":22},"end":{"line":23,"column":55}},"13":{"start":{"line":24,"column":0},"end":{"line":24,"column":38}},"14":{"start":{"line":25,"column":0},"end":{"line":25,"column":40}},"15":{"start":{"line":26,"column":0},"end":{"line":26,"column":44}},"16":{"start":{"line":28,"column":0},"end":{"line":28,"column":20}}},"fnMap":{},"branchMap":{},"s":{"0":3,"1":3,"2":3,"3":3,"4":3,"5":3,"6":3,"7":3,"8":3,"9":3,"10":3,"11":3,"12":3,"13":3,"14":3,"15":3,"16":3},"f":{},"b":{},"_coverageSchema":"1a1c01bbd47fc00a2c39e90264f33305004495a9","hash":"269326e2792af2b7c67f1b23b060e2cfae9d3b1f"}
,"/Users/raficelkouche/Documents/iTweet/src/routes/sessionRoutes.js": {"path":"/Users/raficelkouche/Documents/iTweet/src/routes/sessionRoutes.js","statementMap":{"0":{"start":{"line":1,"column":15},"end":{"line":1,"column":42}},"1":{"start":{"line":2,"column":15},"end":{"line":2,"column":32}},"2":{"start":{"line":3,"column":19},"end":{"line":3,"column":21}},"3":{"start":{"line":5,"column":0},"end":{"line":25,"column":2}},"4":{"start":{"line":7,"column":2},"end":{"line":22,"column":4}},"5":{"start":{"line":8,"column":35},"end":{"line":8,"column":43}},"6":{"start":{"line":10,"column":4},"end":{"line":21,"column":8}},"7":{"start":{"line":12,"column":8},"end":{"line":20,"column":9}},"8":{"start":{"line":13,"column":10},"end":{"line":13,"column":67}},"9":{"start":{"line":14,"column":15},"end":{"line":20,"column":9}},"10":{"start":{"line":15,"column":12},"end":{"line":15,"column":73}},"11":{"start":{"line":17,"column":35},"end":{"line":17,"column":39}},"12":{"start":{"line":18,"column":10},"end":{"line":18,"column":44}},"13":{"start":{"line":19,"column":10},"end":{"line":19,"column":36}},"14":{"start":{"line":24,"column":2},"end":{"line":24,"column":16}}},"fnMap":{"0":{"name":"(anonymous_0)","decl":{"start":{"line":5,"column":17},"end":{"line":5,"column":18}},"loc":{"start":{"line":5,"column":23},"end":{"line":25,"column":1}},"line":5},"1":{"name":"(anonymous_1)","decl":{"start":{"line":7,"column":19},"end":{"line":7,"column":20}},"loc":{"start":{"line":7,"column":33},"end":{"line":22,"column":3}},"line":7},"2":{"name":"(anonymous_2)","decl":{"start":{"line":11,"column":12},"end":{"line":11,"column":13}},"loc":{"start":{"line":11,"column":20},"end":{"line":21,"column":7}},"line":11}},"branchMap":{"0":{"loc":{"start":{"line":12,"column":8},"end":{"line":20,"column":9}},"type":"if","locations":[{"start":{"line":12,"column":8},"end":{"line":20,"column":9}},{"start":{"line":12,"column":8},"end":{"line":20,"column":9}}],"line":12},"1":{"loc":{"start":{"line":14,"column":15},"end":{"line":20,"column":9}},"type":"if","locations":[{"start":{"line":14,"column":15},"end":{"line":20,"column":9}},{"start":{"line":14,"column":15},"end":{"line":20,"column":9}}],"line":14}},"s":{"0":3,"1":3,"2":3,"3":3,"4":3,"5":5,"6":5,"7":5,"8":1,"9":4,"10":1,"11":3,"12":3,"13":3,"14":3},"f":{"0":3,"1":5,"2":5},"b":{"0":[1,4],"1":[1,3]},"_coverageSchema":"1a1c01bbd47fc00a2c39e90264f33305004495a9","hash":"b1f83079b165fee5bddbb4be42083de8d472d1cf"}
,"/Users/raficelkouche/Documents/iTweet/src/routes/tweetRoutes.js": {"path":"/Users/raficelkouche/Documents/iTweet/src/routes/tweetRoutes.js","statementMap":{"0":{"start":{"line":1,"column":15},"end":{"line":1,"column":42}},"1":{"start":{"line":2,"column":11},"end":{"line":2,"column":37}},"2":{"start":{"line":4,"column":0},"end":{"line":68,"column":1}},"3":{"start":{"line":5,"column":2},"end":{"line":16,"column":4}},"4":{"start":{"line":6,"column":19},"end":{"line":6,"column":37}},"5":{"start":{"line":8,"column":4},"end":{"line":15,"column":5}},"6":{"start":{"line":9,"column":6},"end":{"line":12,"column":10}},"7":{"start":{"line":11,"column":10},"end":{"line":11,"column":36}},"8":{"start":{"line":14,"column":8},"end":{"line":14,"column":59}},"9":{"start":{"line":18,"column":2},"end":{"line":31,"column":4}},"10":{"start":{"line":19,"column":20},"end":{"line":19,"column":38}},"11":{"start":{"line":20,"column":19},"end":{"line":20,"column":38}},"12":{"start":{"line":22,"column":4},"end":{"line":30,"column":5}},"13":{"start":{"line":23,"column":6},"end":{"line":27,"column":10}},"14":{"start":{"line":25,"column":10},"end":{"line":26,"column":60}},"15":{"start":{"line":29,"column":6},"end":{"line":29,"column":52}},"16":{"start":{"line":36,"column":2},"end":{"line":48,"column":4}},"17":{"start":{"line":37,"column":21},"end":{"line":37,"column":40}},"18":{"start":{"line":38,"column":20},"end":{"line":38,"column":38}},"19":{"start":{"line":40,"column":4},"end":{"line":47,"column":5}},"20":{"start":{"line":41,"column":6},"end":{"line":46,"column":10}},"21":{"start":{"line":43,"column":10},"end":{"line":43,"column":49}},"22":{"start":{"line":44,"column":10},"end":{"line":45,"column":64}},"23":{"start":{"line":50,"column":2},"end":{"line":64,"column":4}},"24":{"start":{"line":51,"column":21},"end":{"line":51,"column":40}},"25":{"start":{"line":52,"column":20},"end":{"line":52,"column":38}},"26":{"start":{"line":54,"column":4},"end":{"line":62,"column":5}},"27":{"start":{"line":55,"column":6},"end":{"line":59,"column":10}},"28":{"start":{"line":57,"column":10},"end":{"line":58,"column":82}},"29":{"start":{"line":61,"column":6},"end":{"line":61,"column":53}},"30":{"start":{"line":67,"column":2},"end":{"line":67,"column":15}}},"fnMap":{"0":{"name":"(anonymous_0)","decl":{"start":{"line":4,"column":17},"end":{"line":4,"column":18}},"loc":{"start":{"line":4,"column":23},"end":{"line":68,"column":1}},"line":4},"1":{"name":"(anonymous_1)","decl":{"start":{"line":5,"column":18},"end":{"line":5,"column":19}},"loc":{"start":{"line":5,"column":32},"end":{"line":16,"column":3}},"line":5},"2":{"name":"(anonymous_2)","decl":{"start":{"line":10,"column":14},"end":{"line":10,"column":15}},"loc":{"start":{"line":10,"column":22},"end":{"line":12,"column":9}},"line":10},"3":{"name":"(anonymous_3)","decl":{"start":{"line":18,"column":36},"end":{"line":18,"column":37}},"loc":{"start":{"line":18,"column":50},"end":{"line":31,"column":3}},"line":18},"4":{"name":"(anonymous_4)","decl":{"start":{"line":24,"column":14},"end":{"line":24,"column":15}},"loc":{"start":{"line":24,"column":22},"end":{"line":27,"column":9}},"line":24},"5":{"name":"(anonymous_5)","decl":{"start":{"line":36,"column":36},"end":{"line":36,"column":37}},"loc":{"start":{"line":36,"column":50},"end":{"line":48,"column":3}},"line":36},"6":{"name":"(anonymous_6)","decl":{"start":{"line":42,"column":14},"end":{"line":42,"column":15}},"loc":{"start":{"line":42,"column":30},"end":{"line":46,"column":9}},"line":42},"7":{"name":"(anonymous_7)","decl":{"start":{"line":50,"column":34},"end":{"line":50,"column":35}},"loc":{"start":{"line":50,"column":48},"end":{"line":64,"column":3}},"line":50},"8":{"name":"(anonymous_8)","decl":{"start":{"line":56,"column":14},"end":{"line":56,"column":15}},"loc":{"start":{"line":56,"column":22},"end":{"line":59,"column":9}},"line":56}},"branchMap":{"0":{"loc":{"start":{"line":8,"column":4},"end":{"line":15,"column":5}},"type":"if","locations":[{"start":{"line":8,"column":4},"end":{"line":15,"column":5}},{"start":{"line":8,"column":4},"end":{"line":15,"column":5}}],"line":8},"1":{"loc":{"start":{"line":22,"column":4},"end":{"line":30,"column":5}},"type":"if","locations":[{"start":{"line":22,"column":4},"end":{"line":30,"column":5}},{"start":{"line":22,"column":4},"end":{"line":30,"column":5}}],"line":22},"2":{"loc":{"start":{"line":25,"column":10},"end":{"line":26,"column":60}},"type":"cond-expr","locations":[{"start":{"line":25,"column":17},"end":{"line":25,"column":43}},{"start":{"line":26,"column":12},"end":{"line":26,"column":60}}],"line":25},"3":{"loc":{"start":{"line":40,"column":4},"end":{"line":47,"column":5}},"type":"if","locations":[{"start":{"line":40,"column":4},"end":{"line":47,"column":5}},{"start":{"line":40,"column":4},"end":{"line":47,"column":5}}],"line":40},"4":{"loc":{"start":{"line":44,"column":10},"end":{"line":45,"column":64}},"type":"cond-expr","locations":[{"start":{"line":44,"column":17},"end":{"line":44,"column":43}},{"start":{"line":45,"column":14},"end":{"line":45,"column":64}}],"line":44},"5":{"loc":{"start":{"line":54,"column":4},"end":{"line":62,"column":5}},"type":"if","locations":[{"start":{"line":54,"column":4},"end":{"line":62,"column":5}},{"start":{"line":54,"column":4},"end":{"line":62,"column":5}}],"line":54},"6":{"loc":{"start":{"line":57,"column":10},"end":{"line":58,"column":82}},"type":"cond-expr","locations":[{"start":{"line":57,"column":30},"end":{"line":57,"column":56}},{"start":{"line":58,"column":14},"end":{"line":58,"column":82}}],"line":57}},"s":{"0":3,"1":3,"2":3,"3":3,"4":2,"5":2,"6":1,"7":1,"8":1,"9":3,"10":2,"11":2,"12":2,"13":1,"14":1,"15":1,"16":3,"17":1,"18":1,"19":1,"20":1,"21":1,"22":1,"23":3,"24":2,"25":2,"26":2,"27":1,"28":1,"29":1,"30":3},"f":{"0":3,"1":2,"2":1,"3":2,"4":1,"5":1,"6":1,"7":2,"8":1},"b":{"0":[1,1],"1":[1,1],"2":[1,0],"3":[1,0],"4":[1,0],"5":[1,1],"6":[1,0]},"_coverageSchema":"1a1c01bbd47fc00a2c39e90264f33305004495a9","hash":"3bcdb6082a58d71f56e43b941ebb54351ab68b7a"}
,"/Users/raficelkouche/Documents/iTweet/src/routes/userRoutes.js": {"path":"/Users/raficelkouche/Documents/iTweet/src/routes/userRoutes.js","statementMap":{"0":{"start":{"line":1,"column":15},"end":{"line":1,"column":42}},"1":{"start":{"line":2,"column":15},"end":{"line":2,"column":32}},"2":{"start":{"line":3,"column":19},"end":{"line":3,"column":21}},"3":{"start":{"line":5,"column":0},"end":{"line":182,"column":2}},"4":{"start":{"line":7,"column":2},"end":{"line":21,"column":4}},"5":{"start":{"line":10,"column":21},"end":{"line":10,"column":29}},"6":{"start":{"line":11,"column":4},"end":{"line":11,"column":71}},"7":{"start":{"line":13,"column":4},"end":{"line":20,"column":8}},"8":{"start":{"line":15,"column":8},"end":{"line":17,"column":9}},"9":{"start":{"line":16,"column":10},"end":{"line":16,"column":70}},"10":{"start":{"line":18,"column":29},"end":{"line":18,"column":33}},"11":{"start":{"line":19,"column":8},"end":{"line":19,"column":30}},"12":{"start":{"line":23,"column":2},"end":{"line":35,"column":4}},"13":{"start":{"line":25,"column":20},"end":{"line":25,"column":38}},"14":{"start":{"line":27,"column":4},"end":{"line":34,"column":5}},"15":{"start":{"line":28,"column":6},"end":{"line":31,"column":10}},"16":{"start":{"line":30,"column":10},"end":{"line":30,"column":36}},"17":{"start":{"line":33,"column":6},"end":{"line":33,"column":54}},"18":{"start":{"line":37,"column":2},"end":{"line":50,"column":4}},"19":{"start":{"line":39,"column":18},"end":{"line":39,"column":36}},"20":{"start":{"line":40,"column":16},"end":{"line":40,"column":30}},"21":{"start":{"line":42,"column":4},"end":{"line":49,"column":5}},"22":{"start":{"line":43,"column":6},"end":{"line":46,"column":10}},"23":{"start":{"line":45,"column":10},"end":{"line":45,"column":36}},"24":{"start":{"line":48,"column":6},"end":{"line":48,"column":51}},"25":{"start":{"line":53,"column":2},"end":{"line":64,"column":4}},"26":{"start":{"line":54,"column":20},"end":{"line":54,"column":38}},"27":{"start":{"line":56,"column":4},"end":{"line":63,"column":5}},"28":{"start":{"line":57,"column":6},"end":{"line":60,"column":10}},"29":{"start":{"line":59,"column":10},"end":{"line":59,"column":36}},"30":{"start":{"line":62,"column":6},"end":{"line":62,"column":56}},"31":{"start":{"line":67,"column":2},"end":{"line":79,"column":4}},"32":{"start":{"line":68,"column":18},"end":{"line":68,"column":36}},"33":{"start":{"line":70,"column":4},"end":{"line":78,"column":5}},"34":{"start":{"line":71,"column":6},"end":{"line":75,"column":10}},"35":{"start":{"line":73,"column":10},"end":{"line":74,"column":64}},"36":{"start":{"line":77,"column":6},"end":{"line":77,"column":51}},"37":{"start":{"line":81,"column":2},"end":{"line":93,"column":4}},"38":{"start":{"line":82,"column":30},"end":{"line":82,"column":40}},"39":{"start":{"line":84,"column":4},"end":{"line":92,"column":5}},"40":{"start":{"line":85,"column":6},"end":{"line":89,"column":10}},"41":{"start":{"line":88,"column":10},"end":{"line":88,"column":88}},"42":{"start":{"line":91,"column":6},"end":{"line":91,"column":54}},"43":{"start":{"line":95,"column":2},"end":{"line":109,"column":4}},"44":{"start":{"line":97,"column":32},"end":{"line":97,"column":42}},"45":{"start":{"line":98,"column":16},"end":{"line":98,"column":30}},"46":{"start":{"line":100,"column":4},"end":{"line":108,"column":5}},"47":{"start":{"line":101,"column":6},"end":{"line":105,"column":10}},"48":{"start":{"line":104,"column":10},"end":{"line":104,"column":111}},"49":{"start":{"line":107,"column":6},"end":{"line":107,"column":54}},"50":{"start":{"line":111,"column":2},"end":{"line":123,"column":4}},"51":{"start":{"line":112,"column":32},"end":{"line":112,"column":42}},"52":{"start":{"line":114,"column":4},"end":{"line":122,"column":5}},"53":{"start":{"line":115,"column":6},"end":{"line":119,"column":10}},"54":{"start":{"line":118,"column":10},"end":{"line":118,"column":111}},"55":{"start":{"line":121,"column":6},"end":{"line":121,"column":53}},"56":{"start":{"line":125,"column":2},"end":{"line":137,"column":4}},"57":{"start":{"line":126,"column":32},"end":{"line":126,"column":42}},"58":{"start":{"line":128,"column":4},"end":{"line":136,"column":5}},"59":{"start":{"line":130,"column":6},"end":{"line":133,"column":10}},"60":{"start":{"line":132,"column":10},"end":{"line":132,"column":96}},"61":{"start":{"line":135,"column":6},"end":{"line":135,"column":53}},"62":{"start":{"line":139,"column":2},"end":{"line":151,"column":4}},"63":{"start":{"line":140,"column":32},"end":{"line":140,"column":42}},"64":{"start":{"line":142,"column":4},"end":{"line":150,"column":5}},"65":{"start":{"line":143,"column":6},"end":{"line":147,"column":10}},"66":{"start":{"line":145,"column":10},"end":{"line":146,"column":90}},"67":{"start":{"line":149,"column":6},"end":{"line":149,"column":53}},"68":{"start":{"line":153,"column":2},"end":{"line":165,"column":4}},"69":{"start":{"line":154,"column":20},"end":{"line":154,"column":38}},"70":{"start":{"line":156,"column":4},"end":{"line":164,"column":5}},"71":{"start":{"line":157,"column":6},"end":{"line":161,"column":10}},"72":{"start":{"line":159,"column":10},"end":{"line":160,"column":66}},"73":{"start":{"line":163,"column":8},"end":{"line":163,"column":61}},"74":{"start":{"line":167,"column":2},"end":{"line":179,"column":4}},"75":{"start":{"line":168,"column":20},"end":{"line":168,"column":38}},"76":{"start":{"line":169,"column":32},"end":{"line":169,"column":40}},"77":{"start":{"line":171,"column":4},"end":{"line":178,"column":5}},"78":{"start":{"line":172,"column":6},"end":{"line":175,"column":10}},"79":{"start":{"line":174,"column":10},"end":{"line":174,"column":36}},"80":{"start":{"line":177,"column":6},"end":{"line":177,"column":60}},"81":{"start":{"line":181,"column":2},"end":{"line":181,"column":16}}},"fnMap":{"0":{"name":"(anonymous_0)","decl":{"start":{"line":5,"column":17},"end":{"line":5,"column":18}},"loc":{"start":{"line":5,"column":23},"end":{"line":182,"column":1}},"line":5},"1":{"name":"(anonymous_1)","decl":{"start":{"line":7,"column":19},"end":{"line":7,"column":20}},"loc":{"start":{"line":7,"column":33},"end":{"line":21,"column":3}},"line":7},"2":{"name":"(anonymous_2)","decl":{"start":{"line":14,"column":12},"end":{"line":14,"column":13}},"loc":{"start":{"line":14,"column":20},"end":{"line":20,"column":7}},"line":14},"3":{"name":"(anonymous_3)","decl":{"start":{"line":23,"column":35},"end":{"line":23,"column":36}},"loc":{"start":{"line":23,"column":49},"end":{"line":35,"column":3}},"line":23},"4":{"name":"(anonymous_4)","decl":{"start":{"line":29,"column":14},"end":{"line":29,"column":15}},"loc":{"start":{"line":29,"column":22},"end":{"line":31,"column":9}},"line":29},"5":{"name":"(anonymous_5)","decl":{"start":{"line":37,"column":34},"end":{"line":37,"column":35}},"loc":{"start":{"line":37,"column":48},"end":{"line":50,"column":3}},"line":37},"6":{"name":"(anonymous_6)","decl":{"start":{"line":44,"column":14},"end":{"line":44,"column":15}},"loc":{"start":{"line":44,"column":22},"end":{"line":46,"column":9}},"line":44},"7":{"name":"(anonymous_7)","decl":{"start":{"line":53,"column":33},"end":{"line":53,"column":34}},"loc":{"start":{"line":53,"column":47},"end":{"line":64,"column":3}},"line":53},"8":{"name":"(anonymous_8)","decl":{"start":{"line":58,"column":14},"end":{"line":58,"column":15}},"loc":{"start":{"line":58,"column":22},"end":{"line":60,"column":9}},"line":58},"9":{"name":"(anonymous_9)","decl":{"start":{"line":67,"column":35},"end":{"line":67,"column":36}},"loc":{"start":{"line":67,"column":49},"end":{"line":79,"column":3}},"line":67},"10":{"name":"(anonymous_10)","decl":{"start":{"line":72,"column":14},"end":{"line":72,"column":15}},"loc":{"start":{"line":72,"column":22},"end":{"line":75,"column":9}},"line":72},"11":{"name":"(anonymous_11)","decl":{"start":{"line":81,"column":43},"end":{"line":81,"column":44}},"loc":{"start":{"line":81,"column":57},"end":{"line":93,"column":3}},"line":81},"12":{"name":"(anonymous_12)","decl":{"start":{"line":86,"column":14},"end":{"line":86,"column":15}},"loc":{"start":{"line":86,"column":22},"end":{"line":89,"column":9}},"line":86},"13":{"name":"(anonymous_13)","decl":{"start":{"line":95,"column":43},"end":{"line":95,"column":44}},"loc":{"start":{"line":95,"column":57},"end":{"line":109,"column":3}},"line":95},"14":{"name":"(anonymous_14)","decl":{"start":{"line":102,"column":14},"end":{"line":102,"column":15}},"loc":{"start":{"line":102,"column":22},"end":{"line":105,"column":9}},"line":102},"15":{"name":"(anonymous_15)","decl":{"start":{"line":111,"column":46},"end":{"line":111,"column":47}},"loc":{"start":{"line":111,"column":60},"end":{"line":123,"column":3}},"line":111},"16":{"name":"(anonymous_16)","decl":{"start":{"line":116,"column":14},"end":{"line":116,"column":15}},"loc":{"start":{"line":116,"column":22},"end":{"line":119,"column":9}},"line":116},"17":{"name":"(anonymous_17)","decl":{"start":{"line":125,"column":48},"end":{"line":125,"column":49}},"loc":{"start":{"line":125,"column":62},"end":{"line":137,"column":3}},"line":125},"18":{"name":"(anonymous_18)","decl":{"start":{"line":131,"column":14},"end":{"line":131,"column":15}},"loc":{"start":{"line":131,"column":22},"end":{"line":133,"column":9}},"line":131},"19":{"name":"(anonymous_19)","decl":{"start":{"line":139,"column":50},"end":{"line":139,"column":51}},"loc":{"start":{"line":139,"column":64},"end":{"line":151,"column":3}},"line":139},"20":{"name":"(anonymous_20)","decl":{"start":{"line":144,"column":14},"end":{"line":144,"column":15}},"loc":{"start":{"line":144,"column":22},"end":{"line":147,"column":9}},"line":144},"21":{"name":"(anonymous_21)","decl":{"start":{"line":153,"column":34},"end":{"line":153,"column":35}},"loc":{"start":{"line":153,"column":48},"end":{"line":165,"column":3}},"line":153},"22":{"name":"(anonymous_22)","decl":{"start":{"line":158,"column":14},"end":{"line":158,"column":15}},"loc":{"start":{"line":158,"column":22},"end":{"line":161,"column":9}},"line":158},"23":{"name":"(anonymous_23)","decl":{"start":{"line":167,"column":35},"end":{"line":167,"column":36}},"loc":{"start":{"line":167,"column":49},"end":{"line":179,"column":3}},"line":167},"24":{"name":"(anonymous_24)","decl":{"start":{"line":173,"column":14},"end":{"line":173,"column":15}},"loc":{"start":{"line":173,"column":22},"end":{"line":175,"column":9}},"line":173}},"branchMap":{"0":{"loc":{"start":{"line":15,"column":8},"end":{"line":17,"column":9}},"type":"if","locations":[{"start":{"line":15,"column":8},"end":{"line":17,"column":9}},{"start":{"line":15,"column":8},"end":{"line":17,"column":9}}],"line":15},"1":{"loc":{"start":{"line":27,"column":4},"end":{"line":34,"column":5}},"type":"if","locations":[{"start":{"line":27,"column":4},"end":{"line":34,"column":5}},{"start":{"line":27,"column":4},"end":{"line":34,"column":5}}],"line":27},"2":{"loc":{"start":{"line":42,"column":4},"end":{"line":49,"column":5}},"type":"if","locations":[{"start":{"line":42,"column":4},"end":{"line":49,"column":5}},{"start":{"line":42,"column":4},"end":{"line":49,"column":5}}],"line":42},"3":{"loc":{"start":{"line":56,"column":4},"end":{"line":63,"column":5}},"type":"if","locations":[{"start":{"line":56,"column":4},"end":{"line":63,"column":5}},{"start":{"line":56,"column":4},"end":{"line":63,"column":5}}],"line":56},"4":{"loc":{"start":{"line":70,"column":4},"end":{"line":78,"column":5}},"type":"if","locations":[{"start":{"line":70,"column":4},"end":{"line":78,"column":5}},{"start":{"line":70,"column":4},"end":{"line":78,"column":5}}],"line":70},"5":{"loc":{"start":{"line":73,"column":10},"end":{"line":74,"column":64}},"type":"cond-expr","locations":[{"start":{"line":73,"column":30},"end":{"line":73,"column":56}},{"start":{"line":74,"column":18},"end":{"line":74,"column":64}}],"line":73},"6":{"loc":{"start":{"line":84,"column":4},"end":{"line":92,"column":5}},"type":"if","locations":[{"start":{"line":84,"column":4},"end":{"line":92,"column":5}},{"start":{"line":84,"column":4},"end":{"line":92,"column":5}}],"line":84},"7":{"loc":{"start":{"line":88,"column":10},"end":{"line":88,"column":88}},"type":"cond-expr","locations":[{"start":{"line":88,"column":17},"end":{"line":88,"column":43}},{"start":{"line":88,"column":46},"end":{"line":88,"column":88}}],"line":88},"8":{"loc":{"start":{"line":100,"column":4},"end":{"line":108,"column":5}},"type":"if","locations":[{"start":{"line":100,"column":4},"end":{"line":108,"column":5}},{"start":{"line":100,"column":4},"end":{"line":108,"column":5}}],"line":100},"9":{"loc":{"start":{"line":104,"column":10},"end":{"line":104,"column":111}},"type":"cond-expr","locations":[{"start":{"line":104,"column":17},"end":{"line":104,"column":43}},{"start":{"line":104,"column":46},"end":{"line":104,"column":111}}],"line":104},"10":{"loc":{"start":{"line":114,"column":4},"end":{"line":122,"column":5}},"type":"if","locations":[{"start":{"line":114,"column":4},"end":{"line":122,"column":5}},{"start":{"line":114,"column":4},"end":{"line":122,"column":5}}],"line":114},"11":{"loc":{"start":{"line":118,"column":10},"end":{"line":118,"column":111}},"type":"cond-expr","locations":[{"start":{"line":118,"column":17},"end":{"line":118,"column":43}},{"start":{"line":118,"column":46},"end":{"line":118,"column":111}}],"line":118},"12":{"loc":{"start":{"line":128,"column":4},"end":{"line":136,"column":5}},"type":"if","locations":[{"start":{"line":128,"column":4},"end":{"line":136,"column":5}},{"start":{"line":128,"column":4},"end":{"line":136,"column":5}}],"line":128},"13":{"loc":{"start":{"line":132,"column":10},"end":{"line":132,"column":96}},"type":"cond-expr","locations":[{"start":{"line":132,"column":17},"end":{"line":132,"column":43}},{"start":{"line":132,"column":46},"end":{"line":132,"column":96}}],"line":132},"14":{"loc":{"start":{"line":142,"column":4},"end":{"line":150,"column":5}},"type":"if","locations":[{"start":{"line":142,"column":4},"end":{"line":150,"column":5}},{"start":{"line":142,"column":4},"end":{"line":150,"column":5}}],"line":142},"15":{"loc":{"start":{"line":145,"column":10},"end":{"line":146,"column":90}},"type":"cond-expr","locations":[{"start":{"line":145,"column":17},"end":{"line":145,"column":43}},{"start":{"line":146,"column":14},"end":{"line":146,"column":90}}],"line":145},"16":{"loc":{"start":{"line":156,"column":4},"end":{"line":164,"column":5}},"type":"if","locations":[{"start":{"line":156,"column":4},"end":{"line":164,"column":5}},{"start":{"line":156,"column":4},"end":{"line":164,"column":5}}],"line":156},"17":{"loc":{"start":{"line":159,"column":10},"end":{"line":160,"column":65}},"type":"cond-expr","locations":[{"start":{"line":159,"column":30},"end":{"line":159,"column":56}},{"start":{"line":160,"column":14},"end":{"line":160,"column":65}}],"line":159},"18":{"loc":{"start":{"line":171,"column":4},"end":{"line":178,"column":5}},"type":"if","locations":[{"start":{"line":171,"column":4},"end":{"line":178,"column":5}},{"start":{"line":171,"column":4},"end":{"line":178,"column":5}}],"line":171}},"s":{"0":3,"1":3,"2":3,"3":3,"4":3,"5":2,"6":2,"7":2,"8":2,"9":1,"10":1,"11":1,"12":3,"13":2,"14":2,"15":1,"16":1,"17":1,"18":3,"19":2,"20":2,"21":2,"22":1,"23":1,"24":1,"25":3,"26":2,"27":2,"28":1,"29":1,"30":1,"31":3,"32":1,"33":1,"34":1,"35":1,"36":0,"37":3,"38":2,"39":2,"40":2,"41":2,"42":0,"43":3,"44":2,"45":2,"46":2,"47":2,"48":2,"49":0,"50":3,"51":2,"52":2,"53":2,"54":2,"55":0,"56":3,"57":2,"58":2,"59":2,"60":2,"61":0,"62":3,"63":2,"64":2,"65":2,"66":2,"67":0,"68":3,"69":1,"70":1,"71":1,"72":1,"73":0,"74":3,"75":1,"76":1,"77":1,"78":1,"79":1,"80":0,"81":3},"f":{"0":3,"1":2,"2":2,"3":2,"4":1,"5":2,"6":1,"7":2,"8":1,"9":1,"10":1,"11":2,"12":2,"13":2,"14":2,"15":2,"16":2,"17":2,"18":2,"19":2,"20":2,"21":1,"22":1,"23":1,"24":1},"b":{"0":[1,1],"1":[1,1],"2":[1,1],"3":[1,1],"4":[1,0],"5":[1,0],"6":[2,0],"7":[1,1],"8":[2,0],"9":[1,1],"10":[2,0],"11":[1,1],"12":[2,0],"13":[1,1],"14":[2,0],"15":[1,1],"16":[1,0],"17":[1,0],"18":[1,0]},"_coverageSchema":"1a1c01bbd47fc00a2c39e90264f33305004495a9","hash":"cd90e0e77bb82539bc3efa30189b8b63d36c74da"}
}
