TN:
SF:db/helper.js
FN:9,(anonymous_0)
FN:12,(anonymous_1)
FN:13,(anonymous_2)
FN:17,(anonymous_3)
FN:25,(anonymous_4)
FN:26,(anonymous_5)
FN:30,(anonymous_6)
FN:32,(anonymous_7)
FN:33,(anonymous_8)
FN:40,(anonymous_9)
FN:47,(anonymous_10)
FN:48,(anonymous_11)
FN:53,(anonymous_12)
FN:59,(anonymous_13)
FN:60,(anonymous_14)
FN:64,(anonymous_15)
FN:74,(anonymous_16)
FN:78,(anonymous_17)
FN:90,(anonymous_18)
FN:92,(anonymous_19)
FN:93,(anonymous_20)
FN:98,(anonymous_21)
FN:105,(anonymous_22)
FN:106,(anonymous_23)
FN:110,(anonymous_24)
FN:112,(anonymous_25)
FN:113,(anonymous_26)
FN:117,(anonymous_27)
FN:121,(anonymous_28)
FN:122,(anonymous_29)
FN:126,(anonymous_30)
FN:133,(anonymous_31)
FN:134,(anonymous_32)
FN:138,(anonymous_33)
FN:144,(anonymous_34)
FN:145,(anonymous_35)
FN:149,(anonymous_36)
FN:156,(anonymous_37)
FN:157,(anonymous_38)
FN:161,(anonymous_39)
FN:168,(anonymous_40)
FN:169,(anonymous_41)
FN:174,(anonymous_42)
FN:182,(anonymous_43)
FN:183,(anonymous_44)
FN:187,(anonymous_45)
FN:194,(anonymous_46)
FN:195,(anonymous_47)
FN:199,(anonymous_48)
FN:205,(anonymous_49)
FN:206,(anonymous_50)
FN:210,(anonymous_51)
FN:220,(anonymous_52)
FN:227,(anonymous_53)
FN:228,(anonymous_54)
FN:232,(anonymous_55)
FN:239,(anonymous_56)
FN:240,(anonymous_57)
FN:244,(anonymous_58)
FN:250,(anonymous_59)
FN:251,(anonymous_60)
FN:256,(anonymous_61)
FNF:62
FNH:39
FNDA:0,(anonymous_0)
FNDA:0,(anonymous_1)
FNDA:0,(anonymous_2)
FNDA:2,(anonymous_3)
FNDA:1,(anonymous_4)
FNDA:1,(anonymous_5)
FNDA:5,(anonymous_6)
FNDA:5,(anonymous_7)
FNDA:0,(anonymous_8)
FNDA:1,(anonymous_9)
FNDA:1,(anonymous_10)
FNDA:0,(anonymous_11)
FNDA:2,(anonymous_12)
FNDA:2,(anonymous_13)
FNDA:0,(anonymous_14)
FNDA:0,(anonymous_15)
FNDA:0,(anonymous_16)
FNDA:0,(anonymous_17)
FNDA:2,(anonymous_18)
FNDA:2,(anonymous_19)
FNDA:0,(anonymous_20)
FNDA:1,(anonymous_21)
FNDA:1,(anonymous_22)
FNDA:0,(anonymous_23)
FNDA:8,(anonymous_24)
FNDA:8,(anonymous_25)
FNDA:0,(anonymous_26)
FNDA:1,(anonymous_27)
FNDA:1,(anonymous_28)
FNDA:0,(anonymous_29)
FNDA:2,(anonymous_30)
FNDA:2,(anonymous_31)
FNDA:0,(anonymous_32)
FNDA:2,(anonymous_33)
FNDA:2,(anonymous_34)
FNDA:0,(anonymous_35)
FNDA:2,(anonymous_36)
FNDA:2,(anonymous_37)
FNDA:0,(anonymous_38)
FNDA:2,(anonymous_39)
FNDA:2,(anonymous_40)
FNDA:0,(anonymous_41)
FNDA:1,(anonymous_42)
FNDA:1,(anonymous_43)
FNDA:0,(anonymous_44)
FNDA:3,(anonymous_45)
FNDA:3,(anonymous_46)
FNDA:0,(anonymous_47)
FNDA:1,(anonymous_48)
FNDA:1,(anonymous_49)
FNDA:0,(anonymous_50)
FNDA:1,(anonymous_51)
FNDA:1,(anonymous_52)
FNDA:1,(anonymous_53)
FNDA:0,(anonymous_54)
FNDA:1,(anonymous_55)
FNDA:1,(anonymous_56)
FNDA:0,(anonymous_57)
FNDA:1,(anonymous_58)
FNDA:1,(anonymous_59)
FNDA:0,(anonymous_60)
FNDA:4,(anonymous_61)
DA:1,4
DA:2,4
DA:4,4
DA:9,4
DA:10,0
DA:12,0
DA:13,0
DA:15,4
DA:17,4
DA:18,2
DA:20,2
DA:25,1
DA:26,1
DA:28,4
DA:30,4
DA:31,5
DA:32,5
DA:33,0
DA:35,4
DA:40,4
DA:41,1
DA:47,1
DA:48,0
DA:50,4
DA:53,4
DA:54,2
DA:59,2
DA:60,0
DA:62,4
DA:64,4
DA:65,0
DA:67,0
DA:68,0
DA:71,0
DA:73,0
DA:74,0
DA:76,4
DA:78,4
DA:79,0
DA:85,4
DA:90,4
DA:91,2
DA:92,2
DA:93,0
DA:95,4
DA:98,4
DA:99,1
DA:105,1
DA:106,0
DA:108,4
DA:110,4
DA:111,8
DA:112,8
DA:113,0
DA:115,4
DA:117,4
DA:118,1
DA:121,1
DA:122,0
DA:124,4
DA:126,4
DA:127,2
DA:133,2
DA:134,0
DA:136,4
DA:138,4
DA:139,2
DA:144,2
DA:145,0
DA:147,4
DA:149,4
DA:150,2
DA:156,2
DA:157,0
DA:159,4
DA:161,4
DA:162,2
DA:168,2
DA:169,0
DA:171,4
DA:174,4
DA:175,1
DA:182,1
DA:183,0
DA:185,4
DA:187,4
DA:188,3
DA:194,3
DA:195,0
DA:197,4
DA:199,4
DA:200,1
DA:205,1
DA:206,0
DA:208,4
DA:210,4
DA:211,1
DA:218,4
DA:220,4
DA:221,1
DA:227,1
DA:228,0
DA:230,4
DA:232,4
DA:233,1
DA:239,1
DA:240,0
DA:242,4
DA:244,4
DA:245,1
DA:250,1
DA:251,0
DA:253,4
DA:256,4
DA:257,4
DA:259,4
LF:116
LH:89
BRF:0
BRH:0
end_of_record
TN:
SF:src/application.js
FNF:0
FNH:0
DA:1,3
DA:2,3
DA:3,3
DA:4,3
DA:5,3
DA:6,3
DA:9,3
DA:14,3
DA:15,3
DA:18,3
DA:21,3
DA:22,3
DA:23,3
DA:24,3
DA:25,3
DA:26,3
DA:28,3
LF:17
LH:17
BRF:0
BRH:0
end_of_record
TN:
SF:src/routes/sessionRoutes.js
FN:5,(anonymous_0)
FN:7,(anonymous_1)
FN:11,(anonymous_2)
FNF:3
FNH:3
FNDA:3,(anonymous_0)
FNDA:5,(anonymous_1)
FNDA:5,(anonymous_2)
DA:1,3
DA:2,3
DA:3,3
DA:5,3
DA:7,3
DA:8,5
DA:10,5
DA:12,5
DA:13,1
DA:14,4
DA:15,1
DA:17,3
DA:18,3
DA:19,3
DA:24,3
LF:15
LH:15
BRDA:12,0,0,1
BRDA:12,0,1,4
BRDA:14,1,0,1
BRDA:14,1,1,3
BRF:4
BRH:4
end_of_record
TN:
SF:src/routes/tweetRoutes.js
FN:4,(anonymous_0)
FN:5,(anonymous_1)
FN:10,(anonymous_2)
FN:18,(anonymous_3)
FN:24,(anonymous_4)
FN:36,(anonymous_5)
FN:42,(anonymous_6)
FN:50,(anonymous_7)
FN:56,(anonymous_8)
FNF:9
FNH:9
FNDA:3,(anonymous_0)
FNDA:2,(anonymous_1)
FNDA:1,(anonymous_2)
FNDA:2,(anonymous_3)
FNDA:1,(anonymous_4)
FNDA:1,(anonymous_5)
FNDA:1,(anonymous_6)
FNDA:2,(anonymous_7)
FNDA:1,(anonymous_8)
DA:1,3
DA:2,3
DA:4,3
DA:5,3
DA:6,2
DA:8,2
DA:9,1
DA:11,1
DA:14,1
DA:18,3
DA:19,2
DA:20,2
DA:22,2
DA:23,1
DA:25,1
DA:29,1
DA:36,3
DA:37,1
DA:38,1
DA:40,1
DA:41,1
DA:43,1
DA:44,1
DA:50,3
DA:51,2
DA:52,2
DA:54,2
DA:55,1
DA:57,1
DA:61,1
DA:67,3
LF:31
LH:31
BRDA:8,0,0,1
BRDA:8,0,1,1
BRDA:22,1,0,1
BRDA:22,1,1,1
BRDA:25,2,0,1
BRDA:25,2,1,0
BRDA:40,3,0,1
BRDA:40,3,1,0
BRDA:44,4,0,1
BRDA:44,4,1,0
BRDA:54,5,0,1
BRDA:54,5,1,1
BRDA:57,6,0,1
BRDA:57,6,1,0
BRF:14
BRH:10
end_of_record
TN:
SF:src/routes/userRoutes.js
FN:5,(anonymous_0)
FN:7,(anonymous_1)
FN:14,(anonymous_2)
FN:23,(anonymous_3)
FN:29,(anonymous_4)
FN:37,(anonymous_5)
FN:44,(anonymous_6)
FN:53,(anonymous_7)
FN:58,(anonymous_8)
FN:67,(anonymous_9)
FN:72,(anonymous_10)
FN:81,(anonymous_11)
FN:86,(anonymous_12)
FN:95,(anonymous_13)
FN:102,(anonymous_14)
FN:111,(anonymous_15)
FN:116,(anonymous_16)
FN:125,(anonymous_17)
FN:131,(anonymous_18)
FN:139,(anonymous_19)
FN:144,(anonymous_20)
FN:153,(anonymous_21)
FN:158,(anonymous_22)
FN:167,(anonymous_23)
FN:173,(anonymous_24)
FNF:25
FNH:25
FNDA:3,(anonymous_0)
FNDA:2,(anonymous_1)
FNDA:2,(anonymous_2)
FNDA:2,(anonymous_3)
FNDA:1,(anonymous_4)
FNDA:2,(anonymous_5)
FNDA:1,(anonymous_6)
FNDA:2,(anonymous_7)
FNDA:1,(anonymous_8)
FNDA:1,(anonymous_9)
FNDA:1,(anonymous_10)
FNDA:2,(anonymous_11)
FNDA:2,(anonymous_12)
FNDA:2,(anonymous_13)
FNDA:2,(anonymous_14)
FNDA:2,(anonymous_15)
FNDA:2,(anonymous_16)
FNDA:2,(anonymous_17)
FNDA:2,(anonymous_18)
FNDA:2,(anonymous_19)
FNDA:2,(anonymous_20)
FNDA:1,(anonymous_21)
FNDA:1,(anonymous_22)
FNDA:1,(anonymous_23)
FNDA:1,(anonymous_24)
DA:1,3
DA:2,3
DA:3,3
DA:5,3
DA:7,3
DA:10,2
DA:11,2
DA:13,2
DA:15,2
DA:16,1
DA:18,1
DA:19,1
DA:23,3
DA:25,2
DA:27,2
DA:28,1
DA:30,1
DA:33,1
DA:37,3
DA:39,2
DA:40,2
DA:42,2
DA:43,1
DA:45,1
DA:48,1
DA:53,3
DA:54,2
DA:56,2
DA:57,1
DA:59,1
DA:62,1
DA:67,3
DA:68,1
DA:70,1
DA:71,1
DA:73,1
DA:77,0
DA:81,3
DA:82,2
DA:84,2
DA:85,2
DA:88,2
DA:91,0
DA:95,3
DA:97,2
DA:98,2
DA:100,2
DA:101,2
DA:104,2
DA:107,0
DA:111,3
DA:112,2
DA:114,2
DA:115,2
DA:118,2
DA:121,0
DA:125,3
DA:126,2
DA:128,2
DA:130,2
DA:132,2
DA:135,0
DA:139,3
DA:140,2
DA:142,2
DA:143,2
DA:145,2
DA:149,0
DA:153,3
DA:154,1
DA:156,1
DA:157,1
DA:159,1
DA:163,0
DA:167,3
DA:168,1
DA:169,1
DA:171,1
DA:172,1
DA:174,1
DA:177,0
DA:181,3
LF:82
LH:74
BRDA:15,0,0,1
BRDA:15,0,1,1
BRDA:27,1,0,1
BRDA:27,1,1,1
BRDA:42,2,0,1
BRDA:42,2,1,1
BRDA:56,3,0,1
BRDA:56,3,1,1
BRDA:70,4,0,1
BRDA:70,4,1,0
BRDA:73,5,0,1
BRDA:73,5,1,0
BRDA:84,6,0,2
BRDA:84,6,1,0
BRDA:88,7,0,1
BRDA:88,7,1,1
BRDA:100,8,0,2
BRDA:100,8,1,0
BRDA:104,9,0,1
BRDA:104,9,1,1
BRDA:114,10,0,2
BRDA:114,10,1,0
BRDA:118,11,0,1
BRDA:118,11,1,1
BRDA:128,12,0,2
BRDA:128,12,1,0
BRDA:132,13,0,1
BRDA:132,13,1,1
BRDA:142,14,0,2
BRDA:142,14,1,0
BRDA:145,15,0,1
BRDA:145,15,1,1
BRDA:156,16,0,1
BRDA:156,16,1,0
BRDA:159,17,0,1
BRDA:159,17,1,0
BRDA:171,18,0,1
BRDA:171,18,1,0
BRF:38
BRH:28
end_of_record
